<?xml version="1.0" encoding="UTF-8"?>
<!-- Generated by org.testng.reporters.JUnitReportReporter -->
<testsuite hostname="Narendras-MacBook-Pro.local" failures="0" tests="4" name="Testpackage.Logintest" time="62.329" errors="0" timestamp="12 Jul 2021 11:26:28 GMT" skipped="0">
  <testcase classname="Testpackage.Logintest" name="logincheckwithwrongemail" time="17.540"/>
  <testcase classname="Testpackage.Logintest" name="checkloginwithwrongpassword" time="10.031"/>
  <testcase classname="Testpackage.Logintest" name="Checkloginwithemptyfield" time="19.099"/>
  <testcase classname="Testpackage.Logintest" name="Forgotpasswordcheck" time="15.659"/>
</testsuite> <!-- Testpackage.Logintest -->
